2022-12-23 02:34:14.569  INFO 2613 --- [SpringApplicationShutdownHook] j.LocalContainerEntityManagerFactoryBean : Closing JPA EntityManagerFactory for persistence unit 'default'
2022-12-23 02:34:14.597  INFO 2613 --- [SpringApplicationShutdownHook] com.zaxxer.hikari.HikariDataSource       : HikariPool-1 - Shutdown initiated...
2022-12-23 09:46:23.426  INFO 3960 --- [restartedMain] c.g.g.GestionRegionFrontApplication      : Starting GestionRegionFrontApplication using Java 1.8.0_202 on marys-MBP.mshome.net with PID 3960 (/Users/siby/SpringBootProjects/GestionRegionFront/target/classes started by siby in /Users/siby/SpringBootProjects/GestionRegionFront)
2022-12-23 09:46:23.436  INFO 3960 --- [restartedMain] c.g.g.GestionRegionFrontApplication      : No active profile set, falling back to 1 default profile: "default"
2022-12-23 09:46:23.659  INFO 3960 --- [restartedMain] .e.DevToolsPropertyDefaultsPostProcessor : Devtools property defaults active! Set 'spring.devtools.add-properties' to 'false' to disable
2022-12-23 09:46:23.662  INFO 3960 --- [restartedMain] .e.DevToolsPropertyDefaultsPostProcessor : For additional web related logging consider setting the 'logging.level.web' property to 'DEBUG'
2022-12-23 09:46:29.331  INFO 3960 --- [restartedMain] .s.d.r.c.RepositoryConfigurationDelegate : Bootstrapping Spring Data JPA repositories in DEFAULT mode.
2022-12-23 09:46:30.112  INFO 3960 --- [restartedMain] .s.d.r.c.RepositoryConfigurationDelegate : Finished Spring Data repository scanning in 755 ms. Found 6 JPA repository interfaces.
2022-12-23 09:46:33.774  INFO 3960 --- [restartedMain] o.s.b.w.embedded.tomcat.TomcatWebServer  : Tomcat initialized with port(s): 9000 (http)
2022-12-23 09:46:33.792  INFO 3960 --- [restartedMain] o.apache.catalina.core.StandardService   : Starting service [Tomcat]
2022-12-23 09:46:33.792  INFO 3960 --- [restartedMain] org.apache.catalina.core.StandardEngine  : Starting Servlet engine: [Apache Tomcat/9.0.68]
2022-12-23 09:46:34.006  INFO 3960 --- [restartedMain] o.a.c.c.C.[Tomcat].[localhost].[/]       : Initializing Spring embedded WebApplicationContext
2022-12-23 09:46:34.007  INFO 3960 --- [restartedMain] w.s.c.ServletWebServerApplicationContext : Root WebApplicationContext: initialization completed in 10338 ms
2022-12-23 09:46:34.445  INFO 3960 --- [restartedMain] o.hibernate.jpa.internal.util.LogHelper  : HHH000204: Processing PersistenceUnitInfo [name: default]
2022-12-23 09:46:34.572  INFO 3960 --- [restartedMain] org.hibernate.Version                    : HHH000412: Hibernate ORM core version 5.6.12.Final
2022-12-23 09:46:35.159  INFO 3960 --- [restartedMain] o.hibernate.annotations.common.Version   : HCANN000001: Hibernate Commons Annotations {5.1.2.Final}
2022-12-23 09:46:35.414  INFO 3960 --- [restartedMain] com.zaxxer.hikari.HikariDataSource       : HikariPool-1 - Starting...
2022-12-23 09:46:35.690  INFO 3960 --- [restartedMain] com.zaxxer.hikari.HikariDataSource       : HikariPool-1 - Start completed.
2022-12-23 09:46:35.719  INFO 3960 --- [restartedMain] org.hibernate.dialect.Dialect            : HHH000400: Using dialect: org.hibernate.dialect.MySQL5InnoDBDialect
2022-12-23 09:46:37.192  INFO 3960 --- [restartedMain] o.h.e.t.j.p.i.JtaPlatformInitiator       : HHH000490: Using JtaPlatform implementation: [org.hibernate.engine.transaction.jta.platform.internal.NoJtaPlatform]
2022-12-23 09:46:37.212  INFO 3960 --- [restartedMain] j.LocalContainerEntityManagerFactoryBean : Initialized JPA EntityManagerFactory for persistence unit 'default'
2022-12-23 09:46:39.441  WARN 3960 --- [restartedMain] JpaBaseConfiguration$JpaWebConfiguration : spring.jpa.open-in-view is enabled by default. Therefore, database queries may be performed during view rendering. Explicitly configure spring.jpa.open-in-view to disable this warning
2022-12-23 09:46:39.746  INFO 3960 --- [restartedMain] pertySourcedRequestMappingHandlerMapping : Mapped URL path [/v2/api-docs] onto method [springfox.documentation.swagger2.web.Swagger2Controller#getDocumentation(String, HttpServletRequest)]
2022-12-23 09:46:41.078  INFO 3960 --- [restartedMain] o.s.s.web.DefaultSecurityFilterChain     : Will secure any request with [org.springframework.security.web.session.DisableEncodeUrlFilter@76ca1cd1, org.springframework.security.web.context.request.async.WebAsyncManagerIntegrationFilter@59138138, org.springframework.security.web.context.SecurityContextPersistenceFilter@770bd589, org.springframework.security.web.header.HeaderWriterFilter@2c340f4f, org.springframework.web.filter.CorsFilter@50db7c7e, org.springframework.security.web.authentication.logout.LogoutFilter@3041c99d, com.gestionregion.gestionregionfront.security.security.jwt.AuthTokenFilter@10a9a2f9, org.springframework.security.web.savedrequest.RequestCacheAwareFilter@45ef33ef, org.springframework.security.web.servletapi.SecurityContextHolderAwareRequestFilter@67f74886, org.springframework.security.web.authentication.AnonymousAuthenticationFilter@3c7b972d, org.springframework.security.web.session.SessionManagementFilter@6f3213c9, org.springframework.security.web.access.ExceptionTranslationFilter@275f8784, org.springframework.security.web.access.intercept.FilterSecurityInterceptor@5ddf247d]
2022-12-23 09:46:41.623  INFO 3960 --- [restartedMain] o.s.b.d.a.OptionalLiveReloadServer       : LiveReload server is running on port 35729
2022-12-23 09:46:41.952  INFO 3960 --- [restartedMain] o.s.b.w.embedded.tomcat.TomcatWebServer  : Tomcat started on port(s): 9000 (http) with context path ''
2022-12-23 09:46:41.954  INFO 3960 --- [restartedMain] d.s.w.p.DocumentationPluginsBootstrapper : Context refreshed
2022-12-23 09:46:41.989  INFO 3960 --- [restartedMain] d.s.w.p.DocumentationPluginsBootstrapper : Found 1 custom documentation plugin(s)
2022-12-23 09:46:42.042  INFO 3960 --- [restartedMain] s.d.s.w.s.ApiListingReferenceScanner     : Scanning for api listing references
2022-12-23 09:46:42.315  INFO 3960 --- [restartedMain] .d.s.w.r.o.CachingOperationNameGenerator : Generating unique operation named: deleteUsingDELETE_1
2022-12-23 09:46:42.319  INFO 3960 --- [restartedMain] .d.s.w.r.o.CachingOperationNameGenerator : Generating unique operation named: readUsingGET_1
2022-12-23 09:46:42.324  INFO 3960 --- [restartedMain] .d.s.w.r.o.CachingOperationNameGenerator : Generating unique operation named: updateUsingPUT_1
2022-12-23 09:46:42.358  INFO 3960 --- [restartedMain] .d.s.w.r.o.CachingOperationNameGenerator : Generating unique operation named: createUsingPOST_1
2022-12-23 09:46:42.361  INFO 3960 --- [restartedMain] .d.s.w.r.o.CachingOperationNameGenerator : Generating unique operation named: deleteUsingDELETE_2
2022-12-23 09:46:42.365  INFO 3960 --- [restartedMain] .d.s.w.r.o.CachingOperationNameGenerator : Generating unique operation named: readUsingGET_2
2022-12-23 09:46:42.370  INFO 3960 --- [restartedMain] .d.s.w.r.o.CachingOperationNameGenerator : Generating unique operation named: updateUsingPUT_2
2022-12-23 09:46:42.380  INFO 3960 --- [restartedMain] .d.s.w.r.o.CachingOperationNameGenerator : Generating unique operation named: createUsingPOST_2
2022-12-23 09:46:42.384  INFO 3960 --- [restartedMain] .d.s.w.r.o.CachingOperationNameGenerator : Generating unique operation named: deleteUsingDELETE_3
2022-12-23 09:46:42.416  INFO 3960 --- [restartedMain] .d.s.w.r.o.CachingOperationNameGenerator : Generating unique operation named: updateUsingPUT_3
2022-12-23 09:46:42.423  INFO 3960 --- [restartedMain] .d.s.w.r.o.CachingOperationNameGenerator : Generating unique operation named: listUsingGET_1
2022-12-23 09:46:42.464  INFO 3960 --- [restartedMain] c.g.g.GestionRegionFrontApplication      : Started GestionRegionFrontApplication in 21.16 seconds (JVM running for 24.177)
2022-12-23 09:47:00.957  INFO 3960 --- [http-nio-9000-exec-1] o.a.c.c.C.[Tomcat].[localhost].[/]       : Initializing Spring DispatcherServlet 'dispatcherServlet'
2022-12-23 09:47:00.969  INFO 3960 --- [http-nio-9000-exec-1] o.s.web.servlet.DispatcherServlet        : Initializing Servlet 'dispatcherServlet'
2022-12-23 09:47:00.984  INFO 3960 --- [http-nio-9000-exec-1] o.s.web.servlet.DispatcherServlet        : Completed initialization in 14 ms
2022-12-23 10:04:36.049  WARN 3960 --- [HikariPool-1 housekeeper] com.zaxxer.hikari.pool.HikariPool        : HikariPool-1 - Retrograde clock change detected (housekeeper delta=29s595ms), soft-evicting connections from pool.
2022-12-23 10:46:03.358  INFO 3960 --- [SpringApplicationShutdownHook] j.LocalContainerEntityManagerFactoryBean : Closing JPA EntityManagerFactory for persistence unit 'default'
2022-12-23 10:46:03.511  INFO 3960 --- [SpringApplicationShutdownHook] com.zaxxer.hikari.HikariDataSource       : HikariPool-1 - Shutdown initiated...
2022-12-23 10:46:03.556  INFO 3960 --- [SpringApplicationShutdownHook] com.zaxxer.hikari.HikariDataSource       : HikariPool-1 - Shutdown completed.
